Build started 12/02/2014 16:15:22.
     1>Project "C:\workspaces\Python276\PC\VS8.0\_sqlite3.vcxproj" on node 2 (Build target(s)).
     1>ClCompile:
         C:\Program Files (x86)\Microsoft Visual Studio 12.0\VC\bin\x86_amd64\CL.exe /c /I"..\..\..\sqlite-3.6.21" /I..\..\Include /I..\..\PC /Zi /nologo /W3 /WX- /O2 /Ob1 /Oi /GL /D "MODULE_NAME=\"sqlite3\"" /D _WIN64 /D _M_X64 /D Py_BUILD_CORE_MODULE /D NDEBUG /D _WIN32 /D _WINDLL /GF /Gm- /MD /GS /Gy /fp:precise /Zc:wchar_t /Zc:forScope /Fo"C:\workspaces\Python276\PC\VS8.0\x64-temp-Release\_sqlite3\\" /Fd"C:\workspaces\Python276\PC\VS8.0\x64-temp-Release\_sqlite3\vc120.pdb" /Gd /TC /errorReport:prompt /USECL:MS_OPTERON /GS- ..\..\Modules\_sqlite\connection.c ..\..\Modules\_sqlite\cursor.c ..\..\Modules\_sqlite\microprotocols.c ..\..\Modules\_sqlite\module.c ..\..\Modules\_sqlite\row.c ..\..\Modules\_sqlite\statement.c ..\..\Modules\_sqlite\util.c
     1>cl : Command line warning D9025: overriding '/GS' with '/GS-'
         connection.c
     1>c:\workspaces\python276\include\pymath.h(22): warning C4273: 'round' : inconsistent dll linkage
                 C:\Program Files (x86)\Microsoft Visual Studio 12.0\VC\include\math.h(516) : see previous definition of 'round'
     1>c:\workspaces\python276\modules\_sqlite\connection.h(33): fatal error C1083: Cannot open include file: 'sqlite3.h': No such file or directory
         cursor.c
     1>c:\workspaces\python276\include\pymath.h(22): warning C4273: 'round' : inconsistent dll linkage
                 C:\Program Files (x86)\Microsoft Visual Studio 12.0\VC\include\math.h(516) : see previous definition of 'round'
     1>c:\workspaces\python276\modules\_sqlite\connection.h(33): fatal error C1083: Cannot open include file: 'sqlite3.h': No such file or directory
         microprotocols.c
     1>c:\workspaces\python276\include\pymath.h(22): warning C4273: 'round' : inconsistent dll linkage
                 C:\Program Files (x86)\Microsoft Visual Studio 12.0\VC\include\math.h(516) : see previous definition of 'round'
     1>c:\workspaces\python276\modules\_sqlite\connection.h(33): fatal error C1083: Cannot open include file: 'sqlite3.h': No such file or directory
         module.c
     1>c:\workspaces\python276\include\pymath.h(22): warning C4273: 'round' : inconsistent dll linkage
                 C:\Program Files (x86)\Microsoft Visual Studio 12.0\VC\include\math.h(516) : see previous definition of 'round'
     1>c:\workspaces\python276\modules\_sqlite\connection.h(33): fatal error C1083: Cannot open include file: 'sqlite3.h': No such file or directory
         row.c
     1>c:\workspaces\python276\include\pymath.h(22): warning C4273: 'round' : inconsistent dll linkage
                 C:\Program Files (x86)\Microsoft Visual Studio 12.0\VC\include\math.h(516) : see previous definition of 'round'
     1>c:\workspaces\python276\modules\_sqlite\connection.h(33): fatal error C1083: Cannot open include file: 'sqlite3.h': No such file or directory
         statement.c
     1>c:\workspaces\python276\include\pymath.h(22): warning C4273: 'round' : inconsistent dll linkage
                 C:\Program Files (x86)\Microsoft Visual Studio 12.0\VC\include\math.h(516) : see previous definition of 'round'
     1>c:\workspaces\python276\modules\_sqlite\connection.h(33): fatal error C1083: Cannot open include file: 'sqlite3.h': No such file or directory
         util.c
     1>c:\workspaces\python276\include\pymath.h(22): warning C4273: 'round' : inconsistent dll linkage
                 C:\Program Files (x86)\Microsoft Visual Studio 12.0\VC\include\math.h(516) : see previous definition of 'round'
     1>c:\workspaces\python276\modules\_sqlite\connection.h(33): fatal error C1083: Cannot open include file: 'sqlite3.h': No such file or directory
     1>Done Building Project "C:\workspaces\Python276\PC\VS8.0\_sqlite3.vcxproj" (Build target(s)) -- FAILED.

Build FAILED.

Time Elapsed 00:00:00.70
