Build started 11/02/2014 17:51:44.
     1>Project "C:\DevTools\Python-2.7.6\PC\VS8.0\make_buildinfo.vcxproj" on node 2 (Rebuild target(s)).
     1>ClCompile:
         C:\Program Files (x86)\Microsoft Visual Studio 12.0\VC\bin\x86_amd64\CL.exe /c /I..\..\Include /I..\..\PC /Zi /nologo /W3 /WX- /O2 /Ob1 /Oi /D _CONSOLE /D NDEBUG /D _WIN64 /D _M_X64 /D _WIN32 /GF /Gm- /MT /GS /Gy /fp:precise /Zc:wchar_t /Zc:forScope /Fo"C:\DevTools\Python-2.7.6\PC\VS8.0\x64-temp-Release\make_buildinfo\\" /Fd"C:\DevTools\Python-2.7.6\PC\VS8.0\x64-temp-Release\make_buildinfo\vc120.pdb" /Gd /TC /errorReport:prompt /USECL:MS_OPTERON /GS- make_buildinfo.c
     1>cl : Command line warning D9025: overriding '/GS' with '/GS-'
         make_buildinfo.c
       Link:
         C:\Program Files (x86)\Microsoft Visual Studio 12.0\VC\bin\x86_amd64\link.exe /ERRORREPORT:PROMPT /OUT:"C:\DevTools\Python-2.7.6\PC\VS8.0\\amd64\make_buildinfo.exe" /INCREMENTAL:NO /NOLOGO /LIBPATH:"C:\DevTools\Python-2.7.6\PC\VS8.0\\amd64\\" kernel32.lib user32.lib gdi32.lib winspool.lib comdlg32.lib advapi32.lib shell32.lib ole32.lib oleaut32.lib uuid.lib odbc32.lib odbccp32.lib /MANIFEST /MANIFESTUAC:"level='asInvoker' uiAccess='false'" /manifest:embed /DEBUG /PDB:"C:\DevTools\Python-2.7.6\PC\VS8.0\\amd64\make_buildinfo.pdb" /SUBSYSTEM:WINDOWS /TLBID:1 /DYNAMICBASE:NO /IMPLIB:"C:\DevTools\Python-2.7.6\PC\VS8.0\\amd64\make_buildinfo.lib" /MACHINE:X64 "C:\DevTools\Python-2.7.6\PC\VS8.0\x64-temp-Release\make_buildinfo\make_buildinfo.obj"
     1>LIBCMT.lib(wincrt0.obj) : error LNK2019: unresolved external symbol WinMain referenced in function __tmainCRTStartup
     1>C:\DevTools\Python-2.7.6\PC\VS8.0\\amd64\make_buildinfo.exe : fatal error LNK1120: 1 unresolved externals
     1>Done Building Project "C:\DevTools\Python-2.7.6\PC\VS8.0\make_buildinfo.vcxproj" (Rebuild target(s)) -- FAILED.

Build FAILED.

Time Elapsed 00:00:00.75
